date : March 05, 2024
file : ../data/auto93.csv
repeats : 20
seed : 31210
rows : 398
cols : 8
best : 0.17
tiny : 0.06
#base #bonr9 #rand9 #bonr15 #rand15 #bonr20 #rand20 #rand358
report8 
#
 0,              rand358,  0.17,  0.00, *                   |                   ,  0.17,  0.93
#
 1,               bonr20,  0.28,  0.07,     -*--            |                   ,  0.17,  0.93
#
 2,               rand15,  0.31,  0.08,      --*-           |                   ,  0.17,  0.93
 2,               rand20,  0.31,  0.10,     ---*--          |                   ,  0.17,  0.93
 2,               bonr15,  0.32,  0.11,      ---*--         |                   ,  0.17,  0.93
#
 3,                bonr9,  0.38,  0.14,      ------*        |                   ,  0.17,  0.93
 3,                rand9,  0.38,  0.08,         ---*        |                   ,  0.17,  0.93
#
 4,                 base,  0.55,  0.20,              -------*---                ,  0.17,  0.93
