
|.. 
|.. |.. 
|.. |.. |.. 
|.. |.. |.. |.. 0.37 	[4.29, 113.71, 0, 79.75, 2, 2496.96, 18.02, 32.92]
|.. |.. |.. |.. 0.48 	[4.16, 108.08, 0, 75.52, 2, 2433.84, 15.38, 26.8]
|.. |.. |.. 
|.. |.. |.. |.. 0.45 	[4.0, 105.2, 0, 72.32, 2, 2318.04, 17.48, 25.6]
|.. |.. |.. |.. 0.45 	[4.0, 119.96, 0, 78.32, 1, 2367.56, 15.66, 29.6]
|.. |.. 
|.. |.. |.. 
|.. |.. |.. |.. 0.47 	[4.08, 101.36, 0, 72.84, 3, 2240.12, 16.1, 25.6]
|.. |.. |.. |.. 0.4 	[4.0, 94.76, 0, 77.96, 3, 2127.68, 16.58, 31.2]
|.. |.. |.. 
|.. |.. |.. |.. 0.47 	[4.4, 132.86, 0, 73.16, 1, 2368.28, 16.68, 24.8]
|.. |.. |.. |.. 0.4 	[4.24, 110.6, 0, 81.2, 3, 2280.88, 15.84, 33.6]
|.. 
|.. |.. 
|.. |.. |.. 
|.. |.. |.. |.. 0.44 	[4.0, 131.08, 0, 81.62, 1, 2586.67, 16.33, 30.0]
|.. |.. |.. |.. 0.55 	[5.76, 206.56, 0, 79.52, 1, 3123.08, 16.3, 22.8]
|.. |.. |.. 
|.. |.. |.. |.. 0.59 	[6.0, 231.96, 0, 72.96, 1, 3224.52, 16.18, 20.0]
|.. |.. |.. |.. 0.58 	[6.24, 243.04, 0, 76.32, 1, 3387.84, 17.39, 20.0]
|.. |.. 
|.. |.. |.. 
|.. |.. |.. |.. 0.7 	[8.0, 332.76, 0, 77.88, 1, 3976.56, 13.84, 19.6]
|.. |.. |.. |.. 0.77 	[8.0, 324.96, 0, 74.4, 1, 4112.08, 13.32, 14.0]
|.. |.. |.. 
|.. |.. |.. |.. 0.77 	[8.0, 330.24, 0, 70.92, 1, 4025.2, 12.66, 14.0]
|.. |.. |.. |.. 0.85 	[8.0, 402.0, 0, 71.84, 1, 4423.2, 11.44, 11.6]

0.54 [5.45, 193.43, 0, 76.01, 1, 2970.42, 15.57, 23.84]
['Clndrs', 'Volume', 'HpX', 'Model', 'origin', 'Lbs-', 'Acc+', 'Mpg+']
evals: 16
